#
# There is insufficient memory for the Java Runtime Environment to continue.
# Native memory allocation (malloc) failed to allocate 32744 bytes for ChunkPool::allocate
# Possible reasons:
#   The system is out of physical RAM or swap space
#   In 32 bit mode, the process size limit was hit
# Possible solutions:
#   Reduce memory load on the system
#   Increase physical memory or swap space
#   Check if swap backing store is full
#   Use 64 bit Java on a 64 bit OS
#   Decrease Java heap size (-Xmx/-Xms)
#   Decrease number of Java threads
#   Decrease Java thread stack sizes (-Xss)
#   Set larger code cache with -XX:ReservedCodeCacheSize=
# This output file may be truncated or incomplete.
#
#  Out of Memory Error (allocation.cpp:273), pid=1324, tid=0x000000000000273c
#
# JRE version: Java(TM) SE Runtime Environment (8.0_181-b13) (build 1.8.0_181-b13)
# Java VM: Java HotSpot(TM) 64-Bit Server VM (25.181-b13 mixed mode windows-amd64 compressed oops)
# Failed to write core dump. Minidumps are not enabled by default on client versions of Windows
#

---------------  T H R E A D  ---------------

Current thread (0x000000001620c800):  JavaThread "AWT-EventQueue-0" [_thread_in_native, id=10044, stack(0x0000000016590000,0x0000000016690000)]

Stack: [0x0000000016590000,0x0000000016690000]
[error occurred during error reporting (printing stack bounds), id 0xc0000005]

Native frames: (J=compiled Java code, j=interpreted, Vv=VM code, C=native code)

Java frames: (J=compiled Java code, j=interpreted, Vv=VM code)
j  sun.reflect.misc.MethodUtil.getTrampoline()Ljava/lang/reflect/Method;+0
j  sun.reflect.misc.MethodUtil.<clinit>()V+0
v  ~StubRoutines::call_stub
j  javax.swing.UIDefaults.getUI(Ljavax/swing/JComponent;)Ljavax/swing/plaf/ComponentUI;+125
j  javax.swing.UIManager.getUI(Ljavax/swing/JComponent;)Ljavax/swing/plaf/ComponentUI;+37
j  javax.swing.JPanel.updateUI()V+2
j  javax.swing.JPanel.<init>(Ljava/awt/LayoutManager;Z)V+24
j  javax.swing.JPanel.<init>(Z)V+9
j  javax.swing.JPanel.<init>()V+2
j  javax.swing.JRootPane.createGlassPane()Ljava/awt/Component;+4
j  javax.swing.JRootPane.<init>()V+11
j  javax.swing.JFrame.createRootPane()Ljavax/swing/JRootPane;+4
j  javax.swing.JFrame.frameInit()V+16
j  javax.swing.JFrame.<init>()V+20
j  br.estacio.mei.visao.login.HomeLayoutBase.<init>()V+1
j  br.estacio.mei.visao.login.HomeLayoutBase$1.run()V+4
j  java.awt.event.InvocationEvent.dispatch()V+47
j  java.awt.EventQueue.dispatchEventImpl(Ljava/awt/AWTEvent;Ljava/lang/Object;)V+21
j  java.awt.EventQueue.access$500(Ljava/awt/EventQueue;Ljava/awt/AWTEvent;Ljava/lang/Object;)V+3
j  java.awt.EventQueue$3.run()Ljava/lang/Void;+32
j  java.awt.EventQueue$3.run()Ljava/lang/Object;+1
v  ~StubRoutines::call_stub
j  java.security.AccessController.doPrivileged(Ljava/security/PrivilegedAction;Ljava/security/AccessControlContext;)Ljava/lang/Object;+0
j  java.security.ProtectionDomain$JavaSecurityAccessImpl.doIntersectionPrivilege(Ljava/security/PrivilegedAction;Ljava/security/AccessControlContext;Ljava/security/AccessControlContext;)Ljava/lang/Object;+18
j  java.awt.EventQueue.dispatchEvent(Ljava/awt/AWTEvent;)V+46
j  java.awt.EventDispatchThread.pumpOneEventForFilters(I)V+140
j  java.awt.EventDispatchThread.pumpEventsForFilter(ILjava/awt/Conditional;Ljava/awt/EventFilter;)V+35
j  java.awt.EventDispatchThread.pumpEventsForHierarchy(ILjava/awt/Conditional;Ljava/awt/Component;)V+11
j  java.awt.EventDispatchThread.pumpEvents(ILjava/awt/Conditional;)V+4
j  java.awt.EventDispatchThread.pumpEvents(Ljava/awt/Conditional;)V+3
j  java.awt.EventDispatchThread.run()V+9
v  ~StubRoutines::call_stub

---------------  P R O C E S S  ---------------

Java Threads: ( => current thread )
  0x00000000023fe800 JavaThread "DestroyJavaVM" [_thread_blocked, id=8668, stack(0x0000000002290000,0x0000000002390000)]
=>0x000000001620c800 JavaThread "AWT-EventQueue-0" [_thread_in_native, id=10044, stack(0x0000000016590000,0x0000000016690000)]
  0x0000000016159000 JavaThread "AWT-Windows" daemon [_thread_in_native, id=8080, stack(0x0000000016490000,0x0000000016590000)]
  0x0000000016158800 JavaThread "AWT-Shutdown" [_thread_blocked, id=3104, stack(0x0000000016390000,0x0000000016490000)]
  0x0000000016155800 JavaThread "Java2D Disposer" daemon [_thread_blocked, id=8500, stack(0x0000000016290000,0x0000000016390000)]
  0x000000001495e800 JavaThread "Service Thread" daemon [_thread_blocked, id=6528, stack(0x0000000015b40000,0x0000000015c40000)]
  0x00000000148ec800 JavaThread "C1 CompilerThread1" daemon [_thread_blocked, id=4420, stack(0x0000000015a40000,0x0000000015b40000)]
  0x00000000148e9800 JavaThread "C2 CompilerThread0" daemon [_thread_blocked, id=6824, stack(0x0000000015940000,0x0000000015a40000)]
  0x00000000148e8000 JavaThread "Attach Listener" daemon [_thread_blocked, id=8708, stack(0x0000000015840000,0x0000000015940000)]
  0x00000000148e5000 JavaThread "Signal Dispatcher" daemon [_thread_blocked, id=1236, stack(0x0000000015740000,0x0000000015840000)]
  0x00000000024f7800 JavaThread "Finalizer" daemon [_thread_blocked, id=8720, stack(0x0000000015530000,0x0000000015630000)]
  0x00000000024ed800 JavaThread "Reference Handler" daemon [_thread_blocked, id=8320, stack(0x0000000015430000,0x0000000015530000)]

Other Threads:
  0x00000000148b6800 VMThread [stack: 0x0000000015330000,0x0000000015430000] [id=8676]
  0x000000001496b000 WatcherThread [stack: 0x0000000015d90000,0x0000000015e90000] [id=5908]

VM state:not at safepoint (normal execution)

VM Mutex/Monitor currently owned by a thread: None

Heap:
 PSYoungGen      total 18944K, used 4588K [0x00000000eb000000, 0x00000000ec500000, 0x0000000100000000)
  eden space 16384K, 28% used [0x00000000eb000000,0x00000000eb47b320,0x00000000ec000000)
  from space 2560K, 0% used [0x00000000ec280000,0x00000000ec280000,0x00000000ec500000)
  to   space 2560K, 0% used [0x00000000ec000000,0x00000000ec000000,0x00000000ec280000)
 ParOldGen       total 44032K, used 0K [0x00000000c1000000, 0x00000000c3b00000, 0x00000000eb000000)
  object space 44032K, 0% used [0x00000000c1000000,0x00000000c1000000,0x00000000c3b00000)
 Metaspace       used 8443K, capacity 8636K, committed 8960K, reserved 1056768K
  class space    used 1067K, capacity 1153K, committed 1280K, reserved 1048576K

Card table byte_map: [0x00000000118c0000,0x0000000011ac0000] byte_map_base: 0x00000000112b8000

Marking Bits: (ParMarkBitMap*) 0x000000006b6f2d00
 Begin Bits: [0x0000000011e10000, 0x0000000012dd0000)
 End Bits:   [0x0000000012dd0000, 0x0000000013d90000)

Polling page: 0x0000000000810000

CodeCache: size=245760Kb used=1828Kb max_used=1828Kb free=243931Kb
 bounds [0x0000000002500000, 0x0000000002770000, 0x0000000011500000]
 total_blobs=714 nmethods=332 adapters=297
 compilation: enabled

Compilation events (10 events):
Event: 0.899 Thread 0x00000000148ec800 nmethod 322 0x00000000026b2d90 code [0x00000000026b2ee0, 0x00000000026b3090]
Event: 0.899 Thread 0x00000000148ec800  325       3       java.lang.ClassLoader::checkName (43 bytes)
Event: 0.899 Thread 0x00000000148ec800 nmethod 325 0x00000000026b3150 code [0x00000000026b3300, 0x00000000026b3a78]
Event: 0.899 Thread 0x00000000148ec800  323   !   3       sun.awt.AppContext::get (123 bytes)
Event: 0.900 Thread 0x00000000148ec800 nmethod 323 0x00000000026b3d10 code [0x00000000026b3ec0, 0x00000000026b4788]
Event: 0.900 Thread 0x00000000148ec800  326       3       sun.misc.VM::allowArraySyntax (4 bytes)
Event: 0.900 Thread 0x00000000148ec800 nmethod 326 0x00000000026b4bd0 code [0x00000000026b4d20, 0x00000000026b4e70]
Event: 0.900 Thread 0x00000000148ec800  324   !   3       java.lang.ClassLoader::loadClass (122 bytes)
Event: 0.902 Thread 0x00000000148ec800 nmethod 324 0x00000000026b4ed0 code [0x00000000026b5240, 0x00000000026b75d8]
Event: 1.154 Thread 0x00000000148ec800  327       3       javax.swing.UIDefaults$TextAndMnemonicHashMap::get (358 bytes)

GC Heap History (0 events):
No events

Deoptimization events (0 events):
No events

Classes redefined (0 events):
No events

Internal exceptions (10 events):
Event: 0.840 Thread 0x00000000023fe800 Exception <a 'java/lang/ClassNotFoundException': ToolBar> (0x00000000eb362720) thrown at [C:\re\workspace\8-2-build-windows-amd64-cygwin\jdk8u181\11358\hotspot\src\share\vm\classfile\systemDictionary.cpp, line 210]
Event: 0.840 Thread 0x00000000023fe800 Exception <a 'java/lang/ClassNotFoundException': ToggleButton> (0x00000000eb362cd0) thrown at [C:\re\workspace\8-2-build-windows-amd64-cygwin\jdk8u181\11358\hotspot\src\share\vm\classfile\systemDictionary.cpp, line 210]
Event: 0.840 Thread 0x00000000023fe800 Exception <a 'java/lang/ClassNotFoundException': javax/swing/JToolBarSeparator> (0x00000000eb363130) thrown at [C:\re\workspace\8-2-build-windows-amd64-cygwin\jdk8u181\11358\hotspot\src\share\vm\classfile\systemDictionary.cpp, line 210]
Event: 0.840 Thread 0x00000000023fe800 Exception <a 'java/lang/ClassNotFoundException': ToolBarSeparator> (0x00000000eb3635c8) thrown at [C:\re\workspace\8-2-build-windows-amd64-cygwin\jdk8u181\11358\hotspot\src\share\vm\classfile\systemDictionary.cpp, line 210]
Event: 0.841 Thread 0x00000000023fe800 Exception <a 'java/lang/ClassNotFoundException': ToolTip> (0x00000000eb363d08) thrown at [C:\re\workspace\8-2-build-windows-amd64-cygwin\jdk8u181\11358\hotspot\src\share\vm\classfile\systemDictionary.cpp, line 210]
Event: 0.843 Thread 0x00000000023fe800 Exception <a 'java/lang/ClassNotFoundException': Tree> (0x00000000eb364928) thrown at [C:\re\workspace\8-2-build-windows-amd64-cygwin\jdk8u181\11358\hotspot\src\share\vm\classfile\systemDictionary.cpp, line 210]
Event: 0.843 Thread 0x00000000023fe800 Exception <a 'java/lang/ClassNotFoundException': Tree> (0x00000000eb365068) thrown at [C:\re\workspace\8-2-build-windows-amd64-cygwin\jdk8u181\11358\hotspot\src\share\vm\classfile\systemDictionary.cpp, line 210]
Event: 0.843 Thread 0x00000000023fe800 Exception <a 'java/lang/ClassNotFoundException': javax/swing/JTreeCell> (0x00000000eb3653e8) thrown at [C:\re\workspace\8-2-build-windows-amd64-cygwin\jdk8u181\11358\hotspot\src\share\vm\classfile\systemDictionary.cpp, line 210]
Event: 0.843 Thread 0x00000000023fe800 Exception <a 'java/lang/ClassNotFoundException': TreeCell> (0x00000000eb365870) thrown at [C:\re\workspace\8-2-build-windows-amd64-cygwin\jdk8u181\11358\hotspot\src\share\vm\classfile\systemDictionary.cpp, line 210]
Event: 0.852 Thread 0x00000000023fe800 Exception <a 'java/lang/ClassNotFoundException': RootPane> (0x00000000eb3662d0) thrown at [C:\re\workspace\8-2-build-windows-amd64-cygwin\jdk8u181\11358\hotspot\src\share\vm\classfile\systemDictionary.cpp, line 210]

Events (10 events):
Event: 1.152 loading class com/sun/swing/internal/plaf/synth/resources/synth_pt done
Event: 1.153 loading class com/sun/swing/internal/plaf/synth/resources/synth_pt_BR
Event: 1.153 loading class com/sun/swing/internal/plaf/synth/resources/synth_pt_BR done
Event: 1.154 loading class com/sun/swing/internal/plaf/basic/resources/basic_pt
Event: 1.154 loading class com/sun/swing/internal/plaf/basic/resources/basic_pt done
Event: 1.155 loading class java/text/ParseException
Event: 1.155 loading class java/text/ParseException done
Event: 1.155 loading class sun/reflect/misc/MethodUtil
Event: 1.159 loading class sun/reflect/misc/MethodUtil done
Event: 1.159 loading class sun/reflect/misc/MethodUtil$1


Dynamic libraries:
0x00007ff64d030000 - 0x00007ff64d067000 	C:\Program Files\Java\jdk1.8.0_181\bin\java.exe
0x00007ff88a4a0000 - 0x00007ff88a681000 	C:\WINDOWS\SYSTEM32\ntdll.dll
0x00007ff867840000 - 0x00007ff867874000 	C:\Program Files\AVAST Software\Avast\x64\aswhooka.dll
0x00007ff887a50000 - 0x00007ff887b02000 	C:\WINDOWS\System32\KERNEL32.DLL
0x00007ff887210000 - 0x00007ff887483000 	C:\WINDOWS\System32\KERNELBASE.dll
0x00007ff88a2f0000 - 0x00007ff88a391000 	C:\WINDOWS\System32\ADVAPI32.dll
0x00007ff887b10000 - 0x00007ff887bae000 	C:\WINDOWS\System32\msvcrt.dll
0x00007ff889700000 - 0x00007ff88975b000 	C:\WINDOWS\System32\sechost.dll
0x00007ff8894c0000 - 0x00007ff8895e4000 	C:\WINDOWS\System32\RPCRT4.dll
0x00007ff8899f0000 - 0x00007ff889b80000 	C:\WINDOWS\System32\USER32.dll
0x00007ff887790000 - 0x00007ff8877b0000 	C:\WINDOWS\System32\win32u.dll
0x00007ff889940000 - 0x00007ff889968000 	C:\WINDOWS\System32\GDI32.dll
0x00007ff886910000 - 0x00007ff886aa2000 	C:\WINDOWS\System32\gdi32full.dll
0x00007ff886870000 - 0x00007ff88690f000 	C:\WINDOWS\System32\msvcp_win.dll
0x00007ff8877b0000 - 0x00007ff8878aa000 	C:\WINDOWS\System32\ucrtbase.dll
0x00007ff87f610000 - 0x00007ff87f879000 	C:\WINDOWS\WinSxS\amd64_microsoft.windows.common-controls_6595b64144ccf1df_6.0.17134.228_none_fb4599993062b194\COMCTL32.dll
0x00007ff887be0000 - 0x00007ff887f03000 	C:\WINDOWS\System32\combase.dll
0x00007ff8878b0000 - 0x00007ff88792a000 	C:\WINDOWS\System32\bcryptPrimitives.dll
0x00007ff887bb0000 - 0x00007ff887bdd000 	C:\WINDOWS\System32\IMM32.DLL
0x000000006adf0000 - 0x000000006aec2000 	C:\Program Files\Java\jdk1.8.0_181\jre\bin\msvcr100.dll
0x000000006aed0000 - 0x000000006b772000 	C:\Program Files\Java\jdk1.8.0_181\jre\bin\server\jvm.dll
0x00007ff889d80000 - 0x00007ff889d88000 	C:\WINDOWS\System32\PSAPI.DLL
0x00007ff880720000 - 0x00007ff880729000 	C:\WINDOWS\SYSTEM32\WSOCK32.dll
0x00007ff88a280000 - 0x00007ff88a2ec000 	C:\WINDOWS\System32\WS2_32.dll
0x00007ff884500000 - 0x00007ff884523000 	C:\WINDOWS\SYSTEM32\WINMM.dll
0x00007ff881460000 - 0x00007ff88146a000 	C:\WINDOWS\SYSTEM32\VERSION.dll
0x00007ff8844d0000 - 0x00007ff8844fa000 	C:\WINDOWS\SYSTEM32\WINMMBASE.dll
0x00007ff8871c0000 - 0x00007ff887209000 	C:\WINDOWS\System32\cfgmgr32.dll
0x000000006ada0000 - 0x000000006adaf000 	C:\Program Files\Java\jdk1.8.0_181\jre\bin\verify.dll
0x000000006ad70000 - 0x000000006ad99000 	C:\Program Files\Java\jdk1.8.0_181\jre\bin\java.dll
0x000000006ad50000 - 0x000000006ad66000 	C:\Program Files\Java\jdk1.8.0_181\jre\bin\zip.dll
0x00007ff888070000 - 0x00007ff8894b0000 	C:\WINDOWS\System32\SHELL32.dll
0x00007ff8895f0000 - 0x00007ff889699000 	C:\WINDOWS\System32\shcore.dll
0x00007ff886ab0000 - 0x00007ff8871bd000 	C:\WINDOWS\System32\windows.storage.dll
0x00007ff889d20000 - 0x00007ff889d71000 	C:\WINDOWS\System32\shlwapi.dll
0x00007ff8867b0000 - 0x00007ff8867c1000 	C:\WINDOWS\System32\kernel.appcore.dll
0x00007ff886850000 - 0x00007ff88686f000 	C:\WINDOWS\System32\profapi.dll
0x00007ff8867d0000 - 0x00007ff88681c000 	C:\WINDOWS\System32\powrprof.dll
0x00007ff886820000 - 0x00007ff88682a000 	C:\WINDOWS\System32\FLTLIB.DLL
0x000000006ab70000 - 0x000000006ad09000 	C:\Program Files\Java\jdk1.8.0_181\jre\bin\awt.dll
0x00007ff88a3a0000 - 0x00007ff88a462000 	C:\WINDOWS\System32\OLEAUT32.dll
0x00007ff884b30000 - 0x00007ff884bbb000 	C:\WINDOWS\SYSTEM32\apphelp.dll
0x00007ff884cb0000 - 0x00007ff884d48000 	C:\WINDOWS\system32\uxtheme.dll
0x00007ff8897c0000 - 0x00007ff889935000 	C:\WINDOWS\System32\MSCTF.dll
0x00007ff884dc0000 - 0x00007ff884de9000 	C:\WINDOWS\system32\dwmapi.dll
0x00007ff887f10000 - 0x00007ff888061000 	C:\WINDOWS\System32\ole32.dll
0x000000006ab20000 - 0x000000006ab67000 	C:\Program Files\Java\jdk1.8.0_181\jre\bin\fontmanager.dll
0x00007ff86c7b0000 - 0x00007ff86c8d0000 	C:\WINDOWS\system32\opengl32.dll
0x00007ff8766f0000 - 0x00007ff87671c000 	C:\WINDOWS\SYSTEM32\GLU32.dll

VM Arguments:
java_command: br.estacio.mei.visao.login.HomeLayoutBase
java_class_path (initial): C:\Users\Bisteca\Documents\NetBeansProjects\progii-mei\target\classes;C:\Users\Bisteca\.m2\repository\org\jdesktop\beansbinding\1.2.1\beansbinding-1.2.1.jar
Launcher Type: SUN_STANDARD

Environment Variables:
JAVA_HOME=C:\Program Files\Java\jdk1.8.0_181
PATH=C:\Program Files (x86)\Common Files\Oracle\Java\javapath;C:\Program Files (x86)\Common Files\Intel\Shared Files\cpp\bin\Intel64;C:\Program Files (x86)\NVIDIA Corporation\PhysX\Common;C:\WINDOWS\system32;C:\WINDOWS;C:\WINDOWS\System32\Wbem;C:\WINDOWS\System32\WindowsPowerShell\v1.0\;C:\WINDOWS\System32\OpenSSH\;C:\Program Files\Git\cmd;C:\Users\Bisteca\AppData\Local\Microsoft\WindowsApps;
USERNAME=Bisteca
OS=Windows_NT
PROCESSOR_IDENTIFIER=Intel64 Family 6 Model 23 Stepping 10, GenuineIntel



---------------  S Y S T E M  ---------------

OS: Windows 10.0 , 64 bit Build 17134 (10.0.17134.1)

CPU:total 2 (initial active 2) (2 cores per cpu, 1 threads per core) family 6 model 23 stepping 10, cmov, cx8, fxsr, mmx, sse, sse2, sse3, ssse3, tsc

Memory: 4k page, physical 4126684k(411160k free), swap 4126684k(1204k free)

vm_info: Java HotSpot(TM) 64-Bit Server VM (25.181-b13) for windows-amd64 JRE (1.8.0_181-b13), built on Jul  7 2018 04:01:33 by "java_re" with MS VC++ 10.0 (VS2010)

time: Thu Aug 30 15:12:28 2018
elapsed time: 1 seconds (0d 0h 0m 1s)

